# JRE version: Java(TM) SE Runtime Environment (8.0_60-b27) (build 1.8.0_60-b27)
# Java VM: Java HotSpot(TM) 64-Bit Server VM (25.60-b23 mixed mode linux-amd64 compressed oops)
Heap:
 PSYoungGen      total 132608K, used 7662K [0x00000000eb780000, 0x00000000f4680000, 0x0000000100000000)
  eden space 124928K, 0% used [0x00000000eb780000,0x00000000eb780000,0x00000000f3180000)
  from space 7680K, 99% used [0x00000000f3b00000,0x00000000f427bbd0,0x00000000f4280000)
  to   space 9728K, 0% used [0x00000000f3180000,0x00000000f3180000,0x00000000f3b00000)
 ParOldGen       total 42496K, used 9954K [0x00000000c2600000, 0x00000000c4f80000, 0x00000000eb780000)
  object space 42496K, 23% used [0x00000000c2600000,0x00000000c2fb88a0,0x00000000c4f80000)
 Metaspace       used 18674K, capacity 19362K, committed 19584K, reserved 1067008K
  class space    used 2183K, capacity 2413K, committed 2432K, reserved 1048576K
GC Heap History (10 events):
Event: 1,137 GC heap after
Heap after GC invocations=4 (full 0):
 PSYoungGen      total 34304K, used 2560K [0x00000000eb780000, 0x00000000edb80000, 0x0000000100000000)
  eden space 31744K, 0% used [0x00000000eb780000,0x00000000eb780000,0x00000000ed680000)
  from space 2560K, 100% used [0x00000000ed900000,0x00000000edb80000,0x00000000edb80000)
  to   space 2560K, 0% used [0x00000000ed680000,0x00000000ed680000,0x00000000ed900000)
 ParOldGen       total 42496K, used 3447K [0x00000000c2600000, 0x00000000c4f80000, 0x00000000eb780000)
  object space 42496K, 8% used [0x00000000c2600000,0x00000000c295df20,0x00000000c4f80000)
 Metaspace       used 11704K, capacity 11974K, committed 12160K, reserved 1060864K
  class space    used 1465K, capacity 1557K, committed 1664K, reserved 1048576K
}
Event: 1,655 GC heap before
{Heap before GC invocations=5 (full 0):
 PSYoungGen      total 34304K, used 34304K [0x00000000eb780000, 0x00000000edb80000, 0x0000000100000000)
  eden space 31744K, 100% used [0x00000000eb780000,0x00000000ed680000,0x00000000ed680000)
  from space 2560K, 100% used [0x00000000ed900000,0x00000000edb80000,0x00000000edb80000)
  to   space 2560K, 0% used [0x00000000ed680000,0x00000000ed680000,0x00000000ed900000)
 ParOldGen       total 42496K, used 3447K [0x00000000c2600000, 0x00000000c4f80000, 0x00000000eb780000)
  object space 42496K, 8% used [0x00000000c2600000,0x00000000c295df20,0x00000000c4f80000)
 Metaspace       used 13508K, capacity 13878K, committed 14080K, reserved 1060864K
  class space    used 1646K, capacity 1763K, committed 1792K, reserved 1048576K
Event: 1,671 GC heap after
Heap after GC invocations=5 (full 0):
 PSYoungGen      total 34304K, used 2544K [0x00000000eb780000, 0x00000000f0280000, 0x0000000100000000)
  eden space 31744K, 0% used [0x00000000eb780000,0x00000000eb780000,0x00000000ed680000)
  from space 2560K, 99% used [0x00000000ed680000,0x00000000ed8fc010,0x00000000ed900000)
  to   space 6656K, 0% used [0x00000000efc00000,0x00000000efc00000,0x00000000f0280000)
 ParOldGen       total 42496K, used 6839K [0x00000000c2600000, 0x00000000c4f80000, 0x00000000eb780000)
  object space 42496K, 16% used [0x00000000c2600000,0x00000000c2cadcd0,0x00000000c4f80000)
 Metaspace       used 13508K, capacity 13878K, committed 14080K, reserved 1060864K
  class space    used 1646K, capacity 1763K, committed 1792K, reserved 1048576K
}
Event: 1,950 GC heap before
{Heap before GC invocations=6 (full 0):
 PSYoungGen      total 34304K, used 34288K [0x00000000eb780000, 0x00000000f0280000, 0x0000000100000000)
  eden space 31744K, 100% used [0x00000000eb780000,0x00000000ed680000,0x00000000ed680000)
  from space 2560K, 99% used [0x00000000ed680000,0x00000000ed8fc010,0x00000000ed900000)
  to   space 6656K, 0% used [0x00000000efc00000,0x00000000efc00000,0x00000000f0280000)
 ParOldGen       total 42496K, used 6839K [0x00000000c2600000, 0x00000000c4f80000, 0x00000000eb780000)
  object space 42496K, 16% used [0x00000000c2600000,0x00000000c2cadcd0,0x00000000c4f80000)
 Metaspace       used 13752K, capacity 14134K, committed 14336K, reserved 1062912K
  class space    used 1649K, capacity 1763K, committed 1792K, reserved 1048576K
Event: 1,962 GC heap after
Heap after GC invocations=6 (full 0):
 PSYoungGen      total 69120K, used 3888K [0x00000000eb780000, 0x00000000f0180000, 0x0000000100000000)
  eden space 63488K, 0% used [0x00000000eb780000,0x00000000eb780000,0x00000000ef580000)
  from space 5632K, 69% used [0x00000000efc00000,0x00000000effcc030,0x00000000f0180000)
  to   space 6144K, 0% used [0x00000000ef580000,0x00000000ef580000,0x00000000efb80000)
 ParOldGen       total 42496K, used 6847K [0x00000000c2600000, 0x00000000c4f80000, 0x00000000eb780000)
  object space 42496K, 16% used [0x00000000c2600000,0x00000000c2cafcd0,0x00000000c4f80000)
 Metaspace       used 13752K, capacity 14134K, committed 14336K, reserved 1062912K
  class space    used 1649K, capacity 1763K, committed 1792K, reserved 1048576K
}
Event: 2,377 GC heap before
{Heap before GC invocations=7 (full 0):
 PSYoungGen      total 69120K, used 67376K [0x00000000eb780000, 0x00000000f0180000, 0x0000000100000000)
  eden space 63488K, 100% used [0x00000000eb780000,0x00000000ef580000,0x00000000ef580000)
  from space 5632K, 69% used [0x00000000efc00000,0x00000000effcc030,0x00000000f0180000)
  to   space 6144K, 0% used [0x00000000ef580000,0x00000000ef580000,0x00000000efb80000)
 ParOldGen       total 42496K, used 6847K [0x00000000c2600000, 0x00000000c4f80000, 0x00000000eb780000)
  object space 42496K, 16% used [0x00000000c2600000,0x00000000c2cafcd0,0x00000000c4f80000)
 Metaspace       used 14899K, capacity 15340K, committed 15488K, reserved 1062912K
  class space    used 1772K, capacity 1908K, committed 1920K, reserved 1048576K
Event: 2,393 GC heap after
Heap after GC invocations=7 (full 0):
 PSYoungGen      total 69632K, used 6128K [0x00000000eb780000, 0x00000000f4280000, 0x0000000100000000)
  eden space 63488K, 0% used [0x00000000eb780000,0x00000000eb780000,0x00000000ef580000)
  from space 6144K, 99% used [0x00000000ef580000,0x00000000efb7c300,0x00000000efb80000)
  to   space 7680K, 0% used [0x00000000f3b00000,0x00000000f3b00000,0x00000000f4280000)
 ParOldGen       total 42496K, used 8173K [0x00000000c2600000, 0x00000000c4f80000, 0x00000000eb780000)
  object space 42496K, 19% used [0x00000000c2600000,0x00000000c2dfb610,0x00000000c4f80000)
 Metaspace       used 14899K, capacity 15340K, committed 15488K, reserved 1062912K
  class space    used 1772K, capacity 1908K, committed 1920K, reserved 1048576K
}
Event: 3,316 GC heap before
{Heap before GC invocations=8 (full 0):
 PSYoungGen      total 69632K, used 68111K [0x00000000eb780000, 0x00000000f4280000, 0x0000000100000000)
  eden space 63488K, 97% used [0x00000000eb780000,0x00000000ef407940,0x00000000ef580000)
  from space 6144K, 99% used [0x00000000ef580000,0x00000000efb7c300,0x00000000efb80000)
  to   space 7680K, 0% used [0x00000000f3b00000,0x00000000f3b00000,0x00000000f4280000)
 ParOldGen       total 42496K, used 8173K [0x00000000c2600000, 0x00000000c4f80000, 0x00000000eb780000)
  object space 42496K, 19% used [0x00000000c2600000,0x00000000c2dfb610,0x00000000c4f80000)
 Metaspace       used 18674K, capacity 19362K, committed 19584K, reserved 1067008K
  class space    used 2183K, capacity 2413K, committed 2432K, reserved 1048576K
Event: 3,328 GC heap after
Heap after GC invocations=8 (full 0):
 PSYoungGen      total 132608K, used 7662K [0x00000000eb780000, 0x00000000f4680000, 0x0000000100000000)
  eden space 124928K, 0% used [0x00000000eb780000,0x00000000eb780000,0x00000000f3180000)
  from space 7680K, 99% used [0x00000000f3b00000,0x00000000f427bbd0,0x00000000f4280000)
  to   space 9728K, 0% used [0x00000000f3180000,0x00000000f3180000,0x00000000f3b00000)
 ParOldGen       total 42496K, used 9954K [0x00000000c2600000, 0x00000000c4f80000, 0x00000000eb780000)
  object space 42496K, 23% used [0x00000000c2600000,0x00000000c2fb88a0,0x00000000c4f80000)
 Metaspace       used 18674K, capacity 19362K, committed 19584K, reserved 1067008K
  class space    used 2183K, capacity 2413K, committed 2432K, reserved 1048576K
}
Event: 3,328 GC heap before
{Heap before GC invocations=9 (full 1):
 PSYoungGen      total 132608K, used 7662K [0x00000000eb780000, 0x00000000f4680000, 0x0000000100000000)
  eden space 124928K, 0% used [0x00000000eb780000,0x00000000eb780000,0x00000000f3180000)
  from space 7680K, 99% used [0x00000000f3b00000,0x00000000f427bbd0,0x00000000f4280000)
  to   space 9728K, 0% used [0x00000000f3180000,0x00000000f3180000,0x00000000f3b00000)
 ParOldGen       total 42496K, used 9954K [0x00000000c2600000, 0x00000000c4f80000, 0x00000000eb780000)
  object space 42496K, 23% used [0x00000000c2600000,0x00000000c2fb88a0,0x00000000c4f80000)
 Metaspace       used 18674K, capacity 19362K, committed 19584K, reserved 1067008K
  class space    used 2183K, capacity 2413K, committed 2432K, reserved 1048576K

